<?xml version="1.0" encoding="UTF-8"?>
<!-- Generated by org.testng.reporters.JUnitReportReporter -->
<testsuite hostname="DESKTOP-UQEQ5BK" failures="0" tests="3" name="TestNG.Priority" time="0.025" errors="0" timestamp="2025-08-01T18:08:53 IST" skipped="0">
  <testcase classname="TestNG.Priority" name="div" time="0.018">
    <system-out>
      <![CDATA[div]]>
    </system-out>
  </testcase> <!-- div -->
  <testcase classname="TestNG.Priority" name="add" time="0.002">
    <system-out>
      <![CDATA[add]]>
    </system-out>
  </testcase> <!-- add -->
  <testcase classname="TestNG.Priority" name="sub" time="0.005">
    <system-out>
      <![CDATA[sub]]>
    </system-out>
  </testcase> <!-- sub -->
  <system-out>
    <![CDATA[div
add
sub]]>
  </system-out>
</testsuite> <!-- TestNG.Priority -->
