<?xml version="1.0" encoding="UTF-8"?>
<!-- Generated by org.testng.reporters.JUnitReportReporter -->
<testsuite hostname="DESKTOP-UQEQ5BK" failures="0" tests="1" name="Product.ProductTest" time="12.785" errors="0" timestamp="2025-08-04T19:40:15 IST" skipped="0">
  <testcase classname="Product.ProductTest" name="tocreateproduct" time="12.785"/>
</testsuite> <!-- Product.ProductTest -->
