<?xml version="1.0" encoding="UTF-8"?>
<!-- Generated by org.testng.reporters.JUnitReportReporter -->
<testsuite hostname="DESKTOP-UQEQ5BK" failures="0" tests="2" name="TestNG.Demotestng" time="0.035" errors="0" timestamp="2025-07-31T19:58:16 IST" skipped="0">
  <testcase classname="TestNG.Demotestng" name="a11" time="0.032">
    <system-out>
      <![CDATA[a11 excuted]]>
    </system-out>
  </testcase> <!-- a11 -->
  <testcase classname="TestNG.Demotestng" name="a23" time="0.003">
    <system-out>
      <![CDATA[a23 excuted]]>
    </system-out>
  </testcase> <!-- a23 -->
  <system-out>
    <![CDATA[a11 excuted
a23 excuted]]>
  </system-out>
</testsuite> <!-- TestNG.Demotestng -->
