<?xml version="1.0" encoding="UTF-8"?>
<!-- Generated by org.testng.reporters.JUnitReportReporter -->
<testsuite hostname="DESKTOP-UQEQ5BK" failures="0" tests="1" name="Implementationofutilities.Createcampaignwithmandatoryfields" time="20.572" errors="0" timestamp="2025-08-01T20:51:28 IST" skipped="0">
  <testcase classname="Implementationofutilities.Createcampaignwithmandatoryfields" name="tocreatecampaignwithmf" time="20.572"/>
</testsuite> <!-- Implementationofutilities.Createcampaignwithmandatoryfields -->
