<?xml version="1.0" encoding="UTF-8"?>
<!-- Generated by org.testng.reporters.JUnitReportReporter -->
<<<<<<< HEAD
<testsuite hostname="DESKTOP-UQEQ5BK" failures="0" tests="3" name="Campaign.CampaignTest" time="20.218" errors="0" timestamp="2025-08-11T11:31:23 IST" skipped="0">
  <testcase classname="Campaign.CampaignTest" name="tocreatecampaignwithstatus" time="5.490"/>
  <testcase classname="Campaign.CampaignTest" name="tocreatecampaignwithmftest" time="5.978"/>
  <testcase classname="Campaign.CampaignTest" name="tocreatecampaignwithexpecteddate" time="8.750"/>
=======
<<<<<<< HEAD
<testsuite hostname="DESKTOP-UQEQ5BK" failures="0" tests="2" name="Campaign.CampaignTest" time="10.864" errors="0" timestamp="2025-08-06T19:28:00 IST" skipped="0">
  <testcase classname="Campaign.CampaignTest" name="tocreatecampaignwithexpecteddate" time="6.292"/>
  <testcase classname="Campaign.CampaignTest" name="tocreatecampaignwithmftest" time="4.572"/>
=======
<testsuite hostname="DESKTOP-UQEQ5BK" failures="0" tests="2" name="Campaign.CampaignTest" time="15.529" errors="0" timestamp="2025-08-06T19:37:43 IST" skipped="0">
  <testcase classname="Campaign.CampaignTest" name="tocreatecampaignwithexpecteddate" time="8.864"/>
  <testcase classname="Campaign.CampaignTest" name="tocreatecampaignwithmftest" time="6.665"/>
>>>>>>> branch 'master' of https://github.com/gowsalya12/Advance-selenium.git
>>>>>>> branch 'master' of https://github.com/gowsalya12/Advance-selenium.git
</testsuite> <!-- Campaign.CampaignTest -->
