<?xml version="1.0" encoding="UTF-8"?>
<!-- Generated by org.testng.reporters.JUnitReportReporter -->
<testsuite hostname="DESKTOP-UQEQ5BK" failures="0" tests="3" name="TestNG.enable" time="0.017" errors="0" timestamp="2025-08-01T18:24:32 IST" skipped="1">
  <testcase classname="TestNG.enable" name="a23" time="0.014">
    <system-out>
      <![CDATA[a23]]>
    </system-out>
  </testcase> <!-- a23 -->
  <testcase classname="TestNG.enable" name="r45" time="0.003">
    <system-out>
      <![CDATA[r45]]>
    </system-out>
  </testcase> <!-- r45 -->
  <testcase classname="TestNG.enable" name="e34">
    <skipped/>
  </testcase> <!-- e34 -->
  <system-out>
    <![CDATA[a23
r45]]>
  </system-out>
</testsuite> <!-- TestNG.enable -->
