<?xml version="1.0" encoding="UTF-8"?>
<!-- Generated by org.testng.reporters.JUnitReportReporter -->
<<<<<<< HEAD
<testsuite hostname="DESKTOP-UQEQ5BK" failures="0" tests="1" name="Product.ProductTest" time="11.649" errors="0" timestamp="2025-08-06T19:28:00 IST" skipped="0">
  <testcase classname="Product.ProductTest" name="tocreateproduct" time="11.649"/>
=======
<testsuite hostname="DESKTOP-UQEQ5BK" failures="0" tests="1" name="Product.ProductTest" time="13.625" errors="0" timestamp="2025-08-06T19:37:43 IST" skipped="0">
  <testcase classname="Product.ProductTest" name="tocreateproduct" time="13.625"/>
>>>>>>> branch 'master' of https://github.com/gowsalya12/Advance-selenium.git
</testsuite> <!-- Product.ProductTest -->
