<?xml version="1.0" encoding="UTF-8"?>
<!-- Generated by org.testng.reporters.JUnitReportReporter -->
<testsuite hostname="DESKTOP-UQEQ5BK" failures="0" tests="8" name="TestNG.threadpoolsize" time="107.671" errors="0" timestamp="2025-08-01T18:18:40 IST" skipped="0">
  <testcase classname="TestNG.threadpoolsize" name="loginw" time="8.157"/>
  <testcase classname="TestNG.threadpoolsize" name="loginw" time="8.090"/>
  <testcase classname="TestNG.threadpoolsize" name="loginw" time="16.636"/>
  <testcase classname="TestNG.threadpoolsize" name="loginw" time="16.656"/>
  <testcase classname="TestNG.threadpoolsize" name="loginw" time="16.630"/>
  <testcase classname="TestNG.threadpoolsize" name="loginw" time="16.664"/>
  <testcase classname="TestNG.threadpoolsize" name="loginw" time="16.631"/>
  <testcase classname="TestNG.threadpoolsize" name="loginw" time="8.207"/>
</testsuite> <!-- TestNG.threadpoolsize -->
