<?xml version="1.0" encoding="UTF-8"?>
<!-- Generated by org.testng.reporters.JUnitReportReporter -->
<testsuite hostname="DESKTOP-UQEQ5BK" failures="0" tests="3" name="TestNG.Dataprovider" time="0.024" errors="0" timestamp="2025-08-01T19:18:36 IST" skipped="0">
  <testcase classname="TestNG.Dataprovider" name="login" time="0.016"/>
  <testcase classname="TestNG.Dataprovider" name="login" time="0.003"/>
  <testcase classname="TestNG.Dataprovider" name="login" time="0.005"/>
</testsuite> <!-- TestNG.Dataprovider -->
