<?xml version="1.0" encoding="UTF-8"?>
<!-- Generated by org.testng.reporters.JUnitReportReporter -->
<testsuite hostname="DESKTOP-UQEQ5BK" failures="0" tests="1" name="TestNG.Assertion" time="9.400" errors="0" timestamp="2025-08-10T19:39:58 IST" skipped="0">
  <testcase classname="TestNG.Assertion" name="demo" time="9.400"/>
</testsuite> <!-- TestNG.Assertion -->
