<?xml version="1.0" encoding="UTF-8"?>
<!-- Generated by org.testng.reporters.JUnitReportReporter -->
<testsuite hostname="DESKTOP-UQEQ5BK" failures="0" tests="1" name="TestNG.ss" time="20.448" errors="0" timestamp="2025-08-10T20:32:45 IST" skipped="0">
  <testcase classname="TestNG.ss" name="fb" time="20.448"/>
</testsuite> <!-- TestNG.ss -->
