<?xml version="1.0" encoding="UTF-8"?>
<!-- Generated by org.testng.reporters.JUnitReportReporter -->
<testsuite hostname="DESKTOP-UQEQ5BK" failures="0" tests="1" name="Implementationofutilities.Createacampaignwithstatus" time="9.297" errors="0" timestamp="2025-08-04T20:16:34 IST" skipped="0">
  <testcase classname="Implementationofutilities.Createacampaignwithstatus" name="tocreatecampaignwithstatus" time="9.297"/>
</testsuite> <!-- Implementationofutilities.Createacampaignwithstatus -->
