<?xml version="1.0" encoding="UTF-8"?>
<!-- Generated by org.testng.reporters.JUnitReportReporter -->
<testsuite hostname="DESKTOP-UQEQ5BK" failures="0" tests="3" name="Campaign.CampaignTest" time="20.218" errors="0" timestamp="2025-08-11T11:31:23 IST" skipped="0">
  <testcase classname="Campaign.CampaignTest" name="tocreatecampaignwithstatus" time="5.490"/>
  <testcase classname="Campaign.CampaignTest" name="tocreatecampaignwithmftest" time="5.978"/>
  <testcase classname="Campaign.CampaignTest" name="tocreatecampaignwithexpecteddate" time="8.750"/>
</testsuite> <!-- Campaign.CampaignTest -->
