<?xml version="1.0" encoding="UTF-8"?>
<!-- Generated by org.testng.reporters.JUnitReportReporter -->
<testsuite hostname="DESKTOP-UQEQ5BK" failures="0" tests="2" name="Campaign.CampaignTest" time="10.864" errors="0" timestamp="2025-08-06T19:28:00 IST" skipped="0">
  <testcase classname="Campaign.CampaignTest" name="tocreatecampaignwithexpecteddate" time="6.292"/>
  <testcase classname="Campaign.CampaignTest" name="tocreatecampaignwithmftest" time="4.572"/>
</testsuite> <!-- Campaign.CampaignTest -->
