<?xml version="1.0" encoding="UTF-8"?>
<!-- Generated by org.testng.reporters.JUnitReportReporter -->
<testsuite hostname="DESKTOP-UQEQ5BK" failures="0" tests="3" name="TestNG.dependsOnMethod" time="0.021" errors="0" timestamp="2025-08-01T18:32:37 IST" skipped="0">
  <testcase classname="TestNG.dependsOnMethod" name="addcart" time="0.014">
    <system-out>
      <![CDATA[added]]>
    </system-out>
  </testcase> <!-- addcart -->
  <testcase classname="TestNG.dependsOnMethod" name="deletecart" time="0.003">
    <system-out>
      <![CDATA[deleted]]>
    </system-out>
  </testcase> <!-- deletecart -->
  <testcase classname="TestNG.dependsOnMethod" name="editcart" time="0.004">
    <system-out>
      <![CDATA[edited]]>
    </system-out>
  </testcase> <!-- editcart -->
  <system-out>
    <![CDATA[added
deleted
edited]]>
  </system-out>
</testsuite> <!-- TestNG.dependsOnMethod -->
