<?xml version="1.0" encoding="UTF-8"?>
<!-- Generated by org.testng.reporters.JUnitReportReporter -->
<testsuite hostname="DESKTOP-UQEQ5BK" failures="0" tests="1" name="Product.ProductTest" time="18.217" errors="0" timestamp="2025-08-11T10:31:50 IST" skipped="0">
  <testcase classname="Product.ProductTest" name="tocreateproduct" time="18.217">
    <system-out>
      <![CDATA[=====tocreateproductExecution Started=====
=====tocreateproductSuccess=====]]>
    </system-out>
  </testcase> <!-- tocreateproduct -->
  <system-out>
    <![CDATA[Report Configuration
=====tocreateproductExecution Started=====
=====tocreateproductSuccess=====
=====tocreatecampaignwithexpecteddateExecution Started=====
=====tocreatecampaignwithexpecteddateFailure=====
=====tocreatecampaignwithmftestExecution Started=====
=====tocreatecampaignwithmftestSkipped=====
=====tocreatecampaignwithstatusExecution Started=====
=====tocreatecampaignwithstatusSkipped=====]]>
  </system-out>
</testsuite> <!-- Product.ProductTest -->
