<?xml version="1.0" encoding="UTF-8"?>
<!-- Generated by org.testng.reporters.JUnitReportReporter -->
<testsuite hostname="DESKTOP-UQEQ5BK" failures="0" tests="4" name="TestNG.invocationcount" time="23.177" errors="0" timestamp="2025-08-01T18:12:59 IST" skipped="0">
  <testcase classname="TestNG.invocationcount" name="login" time="4.524"/>
  <testcase classname="TestNG.invocationcount" name="login" time="4.237"/>
  <testcase classname="TestNG.invocationcount" name="login" time="4.018"/>
  <testcase classname="TestNG.invocationcount" name="login" time="10.398"/>
</testsuite> <!-- TestNG.invocationcount -->
