<?xml version="1.0" encoding="UTF-8"?>
<!-- Generated by org.testng.reporters.JUnitReportReporter -->
<testsuite hostname="DESKTOP-UQEQ5BK" failures="0" tests="1" name="Implementationofutilities.CreateCampaignWithexpecteddate" time="6.868" errors="0" timestamp="2025-08-04T19:38:34 IST" skipped="0">
  <testcase classname="Implementationofutilities.CreateCampaignWithexpecteddate" name="tocreatecampaignwithexpecteddate" time="6.868"/>
</testsuite> <!-- Implementationofutilities.CreateCampaignWithexpecteddate -->
