<?xml version="1.0" encoding="UTF-8"?>
<!-- Generated by org.testng.reporters.JUnitReportReporter -->
<testsuite hostname="DESKTOP-UQEQ5BK" failures="0" tests="3" name="Campaign.CampaignTest" time="16.200" errors="0" timestamp="2025-08-04T20:18:50 IST" skipped="0">
  <testcase classname="Campaign.CampaignTest" name="tocreatecampaignwithmf" time="7.341"/>
  <testcase classname="Campaign.CampaignTest" name="tocreatecampaignwithstatus" time="4.162"/>
  <testcase classname="Campaign.CampaignTest" name="tocreatecampaignwithexpecteddate" time="4.697"/>
</testsuite> <!-- Campaign.CampaignTest -->
