<?xml version="1.0" encoding="UTF-8"?>
<!-- Generated by org.testng.reporters.JUnitReportReporter -->
<testsuite hostname="DESKTOP-UQEQ5BK" failures="0" tests="1" name="TestNG.Configureannotation" time="0.014" errors="0" timestamp="2025-08-01T20:21:49 IST" skipped="0">
  <testcase classname="TestNG.Configureannotation" name="f" time="0.014"/>
</testsuite> <!-- TestNG.Configureannotation -->
